Determining if the pthread_create exist failed with the following output:
Change Dir: /home/mo/pff_workspace/build/CMakeFiles/CMakeTmp

Run Build Command:"/usr/bin/make" "cmTC_56277/fast"
/usr/bin/make -f CMakeFiles/cmTC_56277.dir/build.make CMakeFiles/cmTC_56277.dir/build
make[1]: Entering directory '/home/mo/pff_workspace/build/CMakeFiles/CMakeTmp'
Building C object CMakeFiles/cmTC_56277.dir/CheckSymbolExists.c.o
/usr/bin/cc     -o CMakeFiles/cmTC_56277.dir/CheckSymbolExists.c.o   -c /home/mo/pff_workspace/build/CMakeFiles/CMakeTmp/CheckSymbolExists.c
Linking C executable cmTC_56277
/usr/bin/cmake -E cmake_link_script CMakeFiles/cmTC_56277.dir/link.txt --verbose=1
/usr/bin/cc       CMakeFiles/cmTC_56277.dir/CheckSymbolExists.c.o  -o cmTC_56277 -rdynamic 
CMakeFiles/cmTC_56277.dir/CheckSymbolExists.c.o: In function `main':
CheckSymbolExists.c:(.text+0x16): undefined reference to `pthread_create'
collect2: error: ld returned 1 exit status
CMakeFiles/cmTC_56277.dir/build.make:97: recipe for target 'cmTC_56277' failed
make[1]: *** [cmTC_56277] Error 1
make[1]: Leaving directory '/home/mo/pff_workspace/build/CMakeFiles/CMakeTmp'
Makefile:126: recipe for target 'cmTC_56277/fast' failed
make: *** [cmTC_56277/fast] Error 2

File /home/mo/pff_workspace/build/CMakeFiles/CMakeTmp/CheckSymbolExists.c:
/* */
#include <pthread.h>

int main(int argc, char** argv)
{
  (void)argv;
#ifndef pthread_create
  return ((int*)(&pthread_create))[argc];
#else
  (void)argc;
  return 0;
#endif
}

Determining if the function pthread_create exists in the pthreads failed with the following output:
Change Dir: /home/mo/pff_workspace/build/CMakeFiles/CMakeTmp

Run Build Command:"/usr/bin/make" "cmTC_4839a/fast"
/usr/bin/make -f CMakeFiles/cmTC_4839a.dir/build.make CMakeFiles/cmTC_4839a.dir/build
make[1]: Entering directory '/home/mo/pff_workspace/build/CMakeFiles/CMakeTmp'
Building C object CMakeFiles/cmTC_4839a.dir/CheckFunctionExists.c.o
/usr/bin/cc    -DCHECK_FUNCTION_EXISTS=pthread_create   -o CMakeFiles/cmTC_4839a.dir/CheckFunctionExists.c.o   -c /usr/share/cmake-3.5/Modules/CheckFunctionExists.c
Linking C executable cmTC_4839a
/usr/bin/cmake -E cmake_link_script CMakeFiles/cmTC_4839a.dir/link.txt --verbose=1
/usr/bin/cc   -DCHECK_FUNCTION_EXISTS=pthread_create    CMakeFiles/cmTC_4839a.dir/CheckFunctionExists.c.o  -o cmTC_4839a -rdynamic -lpthreads 
/usr/bin/ld: cannot find -lpthreads
collect2: error: ld returned 1 exit status
CMakeFiles/cmTC_4839a.dir/build.make:97: recipe for target 'cmTC_4839a' failed
make[1]: *** [cmTC_4839a] Error 1
make[1]: Leaving directory '/home/mo/pff_workspace/build/CMakeFiles/CMakeTmp'
Makefile:126: recipe for target 'cmTC_4839a/fast' failed
make: *** [cmTC_4839a/fast] Error 2


